  functions.cpp
C:\Users\User\Desktop\курс 2\а\Triangle\Triangle\Triangle.hpp(32,25): error C2061: syntax error: identifier 'Triangle'
  main.cpp
C:\Users\User\Desktop\курс 2\а\Triangle\Triangle\Triangle.hpp(32,25): error C2061: syntax error: identifier 'Triangle'
  Triangle.cpp
C:\Users\User\Desktop\курс 2\а\Triangle\Triangle\Triangle.hpp(32,25): error C2061: syntax error: identifier 'Triangle'
C:\Users\User\Desktop\курс 2\а\Triangle\Triangle\Triangle.cpp(139,13): error C2511: 'bool Point::PointInTriangle(Triangle &)': overloaded member function not found in 'Point'
C:\Users\User\Desktop\курс 2\а\Triangle\Triangle\Triangle.hpp(7,7): message : see declaration of 'Point'
C:\Users\User\Desktop\курс 2\а\Triangle\Triangle\Triangle.cpp(151,54): error C2597: illegal reference to non-static member 'Point::x'
C:\Users\User\Desktop\курс 2\а\Triangle\Triangle\Triangle.cpp(151,54): message : see declaration of 'Point::x'
C:\Users\User\Desktop\курс 2\а\Triangle\Triangle\Triangle.cpp(151,54): error C3867: 'Point::x': non-standard syntax; use '&' to create a pointer to member
C:\Users\User\Desktop\курс 2\а\Triangle\Triangle\Triangle.cpp(151,54): error C2568: '-': unable to resolve function overload
C:\Users\User\Desktop\курс 2\а\Triangle\Triangle\Triangle.cpp(151,224): error C2597: illegal reference to non-static member 'Point::y'
C:\Users\User\Desktop\курс 2\а\Triangle\Triangle\Triangle.cpp(151,224): message : see declaration of 'Point::y'
C:\Users\User\Desktop\курс 2\а\Triangle\Triangle\Triangle.cpp(151,224): error C3867: 'Point::y': non-standard syntax; use '&' to create a pointer to member
C:\Users\User\Desktop\курс 2\а\Triangle\Triangle\Triangle.cpp(151,224): error C2568: '-': unable to resolve function overload
C:\Users\User\Desktop\курс 2\а\Triangle\Triangle\Triangle.cpp(152,54): error C2597: illegal reference to non-static member 'Point::x'
C:\Users\User\Desktop\курс 2\а\Triangle\Triangle\Triangle.cpp(152,54): message : see declaration of 'Point::x'
C:\Users\User\Desktop\курс 2\а\Triangle\Triangle\Triangle.cpp(152,54): error C3867: 'Point::x': non-standard syntax; use '&' to create a pointer to member
C:\Users\User\Desktop\курс 2\а\Triangle\Triangle\Triangle.cpp(152,54): error C2568: '-': unable to resolve function overload
C:\Users\User\Desktop\курс 2\а\Triangle\Triangle\Triangle.cpp(152,224): error C2597: illegal reference to non-static member 'Point::y'
C:\Users\User\Desktop\курс 2\а\Triangle\Triangle\Triangle.cpp(152,224): message : see declaration of 'Point::y'
C:\Users\User\Desktop\курс 2\а\Triangle\Triangle\Triangle.cpp(152,224): error C3867: 'Point::y': non-standard syntax; use '&' to create a pointer to member
C:\Users\User\Desktop\курс 2\а\Triangle\Triangle\Triangle.cpp(152,224): error C2568: '-': unable to resolve function overload
C:\Users\User\Desktop\курс 2\а\Triangle\Triangle\Triangle.cpp(153,54): error C2597: illegal reference to non-static member 'Point::x'
C:\Users\User\Desktop\курс 2\а\Triangle\Triangle\Triangle.cpp(153,54): message : see declaration of 'Point::x'
C:\Users\User\Desktop\курс 2\а\Triangle\Triangle\Triangle.cpp(153,54): error C3867: 'Point::x': non-standard syntax; use '&' to create a pointer to member
C:\Users\User\Desktop\курс 2\а\Triangle\Triangle\Triangle.cpp(153,54): error C2568: '-': unable to resolve function overload
C:\Users\User\Desktop\курс 2\а\Triangle\Triangle\Triangle.cpp(153,224): error C2597: illegal reference to non-static member 'Point::y'
C:\Users\User\Desktop\курс 2\а\Triangle\Triangle\Triangle.cpp(153,224): message : see declaration of 'Point::y'
C:\Users\User\Desktop\курс 2\а\Triangle\Triangle\Triangle.cpp(153,224): error C3867: 'Point::y': non-standard syntax; use '&' to create a pointer to member
C:\Users\User\Desktop\курс 2\а\Triangle\Triangle\Triangle.cpp(153,224): error C2568: '-': unable to resolve function overload
C:\Users\User\Desktop\курс 2\а\Triangle\Triangle\Triangle.cpp(165,25): error C2660: 'Point::PointInTriangle': function does not take 1 arguments
C:\Users\User\Desktop\курс 2\а\Triangle\Triangle\Triangle.hpp(32,9): message : see declaration of 'Point::PointInTriangle'
C:\Users\User\Desktop\курс 2\а\Triangle\Triangle\Triangle.cpp(165,25): message : while trying to match the argument list '(Triangle)'
C:\Users\User\Desktop\курс 2\а\Triangle\Triangle\Triangle.cpp(165,74): error C2660: 'Point::PointInTriangle': function does not take 1 arguments
C:\Users\User\Desktop\курс 2\а\Triangle\Triangle\Triangle.hpp(32,9): message : see declaration of 'Point::PointInTriangle'
C:\Users\User\Desktop\курс 2\а\Triangle\Triangle\Triangle.cpp(165,74): message : while trying to match the argument list '(Triangle)'
C:\Users\User\Desktop\курс 2\а\Triangle\Triangle\Triangle.cpp(165,123): error C2660: 'Point::PointInTriangle': function does not take 1 arguments
C:\Users\User\Desktop\курс 2\а\Triangle\Triangle\Triangle.hpp(32,9): message : see declaration of 'Point::PointInTriangle'
C:\Users\User\Desktop\курс 2\а\Triangle\Triangle\Triangle.cpp(165,123): message : while trying to match the argument list '(Triangle)'
  Generating Code...
